----------------------------------------------------------------
Tue Apr 14 14:51:17 BRT 2020:
Booting Derby version The Apache Software Foundation - Apache Derby - 10.14.2.0 - (1828579): instance a816c00e-0171-79d1-1268-00000f0b3888 
on database directory C:\Users\Guilherme Camargo\Documents\Faculdade\POO\POO2\atd2ac1\dbfuncionario with class loader sun.misc.Launcher$AppClassLoader@764c12b6 
Loaded from file:/C:/Users/Guilherme%20Camargo/.m2/repository/org/apache/derby/derby/10.14.2.0/derby-10.14.2.0.jar
java.vendor=Oracle Corporation
java.runtime.version=1.8.0_191-b12
user.dir=c:\Users\Guilherme Camargo\Documents\Faculdade\POO\POO2\atd2ac1
os.name=Windows 10
os.arch=amd64
os.version=10.0
derby.system.home=null
Database Class Loader started - derby.database.classpath=''
----------------------------------------------------------------
Tue Apr 14 17:00:32 BRT 2020:
Shutting down instance a816c00e-0171-79d1-1268-00000f0b3888 on database directory C:\Users\Guilherme Camargo\Documents\Faculdade\POO\POO2\atd2ac1\dbfuncionario with class loader sun.misc.Launcher$AppClassLoader@764c12b6 
Tue Apr 14 17:00:33 BRT 2020 Thread[Thread-61,5,main] Cleanup action starting
ERROR XBM0I: Directory dbfuncionario cannot be removed.
	at org.apache.derby.iapi.error.StandardException.newException(Unknown Source)
	at org.apache.derby.iapi.error.StandardException.newException(Unknown Source)
	at org.apache.derby.iapi.services.monitor.Monitor.removePersistentService(Unknown Source)
	at org.apache.derby.impl.jdbc.EmbedConnection$6.run(Unknown Source)
	at java.security.AccessController.doPrivileged(Native Method)
	at org.apache.derby.impl.jdbc.EmbedConnection.removePersistentService(Unknown Source)
	at org.apache.derby.impl.jdbc.EmbedConnection.<init>(Unknown Source)
	at org.apache.derby.jdbc.InternalDriver$1.run(Unknown Source)
	at org.apache.derby.jdbc.InternalDriver$1.run(Unknown Source)
	at java.security.AccessController.doPrivileged(Native Method)
	at org.apache.derby.jdbc.InternalDriver.getNewEmbedConnection(Unknown Source)
	at org.apache.derby.jdbc.InternalDriver$LoginCallable.call(Unknown Source)
	at org.apache.derby.jdbc.InternalDriver$LoginCallable.call(Unknown Source)
	at java.util.concurrent.FutureTask.run(FutureTask.java:266)
	at java.util.concurrent.ThreadPoolExecutor.runWorker(ThreadPoolExecutor.java:1149)
	at java.util.concurrent.ThreadPoolExecutor$Worker.run(ThreadPoolExecutor.java:624)
	at java.lang.Thread.run(Thread.java:748)
Cleanup action completed
Tue Apr 14 17:00:33 BRT 2020 Thread[Thread-61,5,main] Cleanup action starting
ERROR XBM0I: Directory dbfuncionario cannot be removed.
	at org.apache.derby.iapi.error.StandardException.newException(Unknown Source)
	at org.apache.derby.iapi.error.StandardException.newException(Unknown Source)
	at org.apache.derby.iapi.services.monitor.Monitor.removePersistentService(Unknown Source)
	at org.apache.derby.impl.jdbc.EmbedConnection$6.run(Unknown Source)
	at java.security.AccessController.doPrivileged(Native Method)
	at org.apache.derby.impl.jdbc.EmbedConnection.removePersistentService(Unknown Source)
	at org.apache.derby.impl.jdbc.EmbedConnection.<init>(Unknown Source)
	at org.apache.derby.jdbc.InternalDriver$1.run(Unknown Source)
	at org.apache.derby.jdbc.InternalDriver$1.run(Unknown Source)
	at java.security.AccessController.doPrivileged(Native Method)
	at org.apache.derby.jdbc.InternalDriver.getNewEmbedConnection(Unknown Source)
	at org.apache.derby.jdbc.InternalDriver$LoginCallable.call(Unknown Source)
	at org.apache.derby.jdbc.InternalDriver$LoginCallable.call(Unknown Source)
	at java.util.concurrent.FutureTask.run(FutureTask.java:266)
	at java.util.concurrent.ThreadPoolExecutor.runWorker(ThreadPoolExecutor.java:1149)
	at java.util.concurrent.ThreadPoolExecutor$Worker.run(ThreadPoolExecutor.java:624)
	at java.lang.Thread.run(Thread.java:748)
Cleanup action completed
----------------------------------------------------------------
Tue Apr 14 17:00:38 BRT 2020:
Booting Derby version The Apache Software Foundation - Apache Derby - 10.14.2.0 - (1828579): instance 341cc09e-0171-79d1-1268-00000f0b3888 
on database directory C:\Users\Guilherme Camargo\Documents\Faculdade\POO\POO2\atd2ac1\dbfuncionario with class loader sun.misc.Launcher$AppClassLoader@764c12b6 
Loaded from file:/C:/Users/Guilherme%20Camargo/.m2/repository/org/apache/derby/derby/10.14.2.0/derby-10.14.2.0.jar
java.vendor=Oracle Corporation
java.runtime.version=1.8.0_191-b12
user.dir=c:\Users\Guilherme Camargo\Documents\Faculdade\POO\POO2\atd2ac1
os.name=Windows 10
os.arch=amd64
os.version=10.0
derby.system.home=null
Database Class Loader started - derby.database.classpath=''
----------------------------------------------------------------
Tue Apr 14 17:00:52 BRT 2020:
Shutting down instance 341cc09e-0171-79d1-1268-00000f0b3888 on database directory C:\Users\Guilherme Camargo\Documents\Faculdade\POO\POO2\atd2ac1\dbfuncionario with class loader sun.misc.Launcher$AppClassLoader@764c12b6 
Tue Apr 14 17:00:53 BRT 2020 Thread[Thread-77,5,main] Cleanup action starting
ERROR XBM0I: Directory dbfuncionario cannot be removed.
	at org.apache.derby.iapi.error.StandardException.newException(Unknown Source)
	at org.apache.derby.iapi.error.StandardException.newException(Unknown Source)
	at org.apache.derby.iapi.services.monitor.Monitor.removePersistentService(Unknown Source)
	at org.apache.derby.impl.jdbc.EmbedConnection$6.run(Unknown Source)
	at java.security.AccessController.doPrivileged(Native Method)
	at org.apache.derby.impl.jdbc.EmbedConnection.removePersistentService(Unknown Source)
	at org.apache.derby.impl.jdbc.EmbedConnection.<init>(Unknown Source)
	at org.apache.derby.jdbc.InternalDriver$1.run(Unknown Source)
	at org.apache.derby.jdbc.InternalDriver$1.run(Unknown Source)
	at java.security.AccessController.doPrivileged(Native Method)
	at org.apache.derby.jdbc.InternalDriver.getNewEmbedConnection(Unknown Source)
	at org.apache.derby.jdbc.InternalDriver$LoginCallable.call(Unknown Source)
	at org.apache.derby.jdbc.InternalDriver$LoginCallable.call(Unknown Source)
	at java.util.concurrent.FutureTask.run(FutureTask.java:266)
	at java.util.concurrent.ThreadPoolExecutor.runWorker(ThreadPoolExecutor.java:1149)
	at java.util.concurrent.ThreadPoolExecutor$Worker.run(ThreadPoolExecutor.java:624)
	at java.lang.Thread.run(Thread.java:748)
Cleanup action completed
Tue Apr 14 17:00:53 BRT 2020 Thread[Thread-77,5,main] Cleanup action starting
ERROR XBM0I: Directory dbfuncionario cannot be removed.
	at org.apache.derby.iapi.error.StandardException.newException(Unknown Source)
	at org.apache.derby.iapi.error.StandardException.newException(Unknown Source)
	at org.apache.derby.iapi.services.monitor.Monitor.removePersistentService(Unknown Source)
	at org.apache.derby.impl.jdbc.EmbedConnection$6.run(Unknown Source)
	at java.security.AccessController.doPrivileged(Native Method)
	at org.apache.derby.impl.jdbc.EmbedConnection.removePersistentService(Unknown Source)
	at org.apache.derby.impl.jdbc.EmbedConnection.<init>(Unknown Source)
	at org.apache.derby.jdbc.InternalDriver$1.run(Unknown Source)
	at org.apache.derby.jdbc.InternalDriver$1.run(Unknown Source)
	at java.security.AccessController.doPrivileged(Native Method)
	at org.apache.derby.jdbc.InternalDriver.getNewEmbedConnection(Unknown Source)
	at org.apache.derby.jdbc.InternalDriver$LoginCallable.call(Unknown Source)
	at org.apache.derby.jdbc.InternalDriver$LoginCallable.call(Unknown Source)
	at java.util.concurrent.FutureTask.run(FutureTask.java:266)
	at java.util.concurrent.ThreadPoolExecutor.runWorker(ThreadPoolExecutor.java:1149)
	at java.util.concurrent.ThreadPoolExecutor$Worker.run(ThreadPoolExecutor.java:624)
	at java.lang.Thread.run(Thread.java:748)
Cleanup action completed
----------------------------------------------------------------
Tue Apr 14 17:00:58 BRT 2020:
Booting Derby version The Apache Software Foundation - Apache Derby - 10.14.2.0 - (1828579): instance ce8780ad-0171-79d1-1268-00000f0b3888 
on database directory C:\Users\Guilherme Camargo\Documents\Faculdade\POO\POO2\atd2ac1\dbfuncionario with class loader sun.misc.Launcher$AppClassLoader@764c12b6 
Loaded from file:/C:/Users/Guilherme%20Camargo/.m2/repository/org/apache/derby/derby/10.14.2.0/derby-10.14.2.0.jar
java.vendor=Oracle Corporation
java.runtime.version=1.8.0_191-b12
user.dir=c:\Users\Guilherme Camargo\Documents\Faculdade\POO\POO2\atd2ac1
os.name=Windows 10
os.arch=amd64
os.version=10.0
derby.system.home=null
Database Class Loader started - derby.database.classpath=''
